Log file open, 04/13/17 09:26:27
LogInit:Display: Running engine for game: HMGG
LogPlatformFile: Not using cached read wrapper
LogInit:Display: RandInit(1486602295) SRandInit(1486602295).
LogTaskGraph: Started task graph with 5 named threads and 8 total threads with 1 sets of task threads.
LogStats: Stats thread started at 0.156576
LogPluginManager: Loaded Plugin Paper2D, From D:/Program Files/Epic Games/UE_4.14/Engine/Plugins/2D/Paper2D/Paper2D.uplugin
LogPluginManager: Loaded Plugin LightPropagationVolume, From D:/Program Files/Epic Games/UE_4.14/Engine/Plugins/Blendables/LightPropagationVolume/LightPropagationVolume.uplugin
LogPluginManager: Loaded Plugin BlankPlugin, From D:/Program Files/Epic Games/UE_4.14/Engine/Plugins/Developer/BlankPlugin/BlankPlugin.uplugin
LogPluginManager: Loaded Plugin CodeLiteSourceCodeAccess, From D:/Program Files/Epic Games/UE_4.14/Engine/Plugins/Developer/CodeLiteSourceCodeAccess/CodeLiteSourceCodeAccess.uplugin
LogPluginManager: Loaded Plugin GitSourceControl, From D:/Program Files/Epic Games/UE_4.14/Engine/Plugins/Developer/GitSourceControl/GitSourceControl.uplugin
LogPluginManager: Loaded Plugin KDevelopSourceCodeAccess, From D:/Program Files/Epic Games/UE_4.14/Engine/Plugins/Developer/KDevelopSourceCodeAccess/KDevelopSourceCodeAccess.uplugin
LogPluginManager: Loaded Plugin NullSourceCodeAccess, From D:/Program Files/Epic Games/UE_4.14/Engine/Plugins/Developer/NullSourceCodeAccess/NullSourceCodeAccess.uplugin
LogPluginManager: Loaded Plugin OneSkyLocalizationService, From D:/Program Files/Epic Games/UE_4.14/Engine/Plugins/Developer/OneSkyLocalizationService/OneSkyLocalizationService.uplugin
LogPluginManager: Loaded Plugin PerforceSourceControl, From D:/Program Files/Epic Games/UE_4.14/Engine/Plugins/Developer/PerforceSourceControl/PerforceSourceControl.uplugin
LogPluginManager: Loaded Plugin SubversionSourceControl, From D:/Program Files/Epic Games/UE_4.14/Engine/Plugins/Developer/SubversionSourceControl/SubversionSourceControl.uplugin
LogPluginManager: Loaded Plugin UObjectPlugin, From D:/Program Files/Epic Games/UE_4.14/Engine/Plugins/Developer/UObjectPlugin/UObjectPlugin.uplugin
LogPluginManager: Loaded Plugin VisualStudioSourceCodeAccess, From D:/Program Files/Epic Games/UE_4.14/Engine/Plugins/Developer/VisualStudioSourceCodeAccess/VisualStudioSourceCodeAccess.uplugin
LogPluginManager: Loaded Plugin XCodeSourceCodeAccess, From D:/Program Files/Epic Games/UE_4.14/Engine/Plugins/Developer/XCodeSourceCodeAccess/XCodeSourceCodeAccess.uplugin
LogPluginManager: Loaded Plugin AudioCapture, From D:/Program Files/Epic Games/UE_4.14/Engine/Plugins/Editor/AudioCapture/AudioCapture.uplugin
LogPluginManager: Loaded Plugin EpicSurvey, From D:/Program Files/Epic Games/UE_4.14/Engine/Plugins/Editor/EpicSurvey/EpicSurvey.uplugin
LogPluginManager: Loaded Plugin MacGraphicsSwitching, From D:/Program Files/Epic Games/UE_4.14/Engine/Plugins/Editor/MacGraphicsSwitching/MacGraphicsSwitching.uplugin
LogPluginManager: Loaded Plugin MobileLauncherProfileWizard, From D:/Program Files/Epic Games/UE_4.14/Engine/Plugins/Editor/MobileLauncherProfileWizard/MobileLauncherProfileWizard.uplugin
LogPluginManager: Loaded Plugin PluginBrowser, From D:/Program Files/Epic Games/UE_4.14/Engine/Plugins/Editor/PluginBrowser/PluginBrowser.uplugin
LogPluginManager: Loaded Plugin SpeedTreeImporter, From D:/Program Files/Epic Games/UE_4.14/Engine/Plugins/Editor/SpeedTreeImporter/SpeedTreeImporter.uplugin
LogPluginManager: Loaded Plugin SuperSearchEditor, From D:/Program Files/Epic Games/UE_4.14/Engine/Plugins/Editor/SuperSearchEditor/SuperSearchEditor.uplugin
LogPluginManager: Loaded Plugin AlembicImporter, From D:/Program Files/Epic Games/UE_4.14/Engine/Plugins/Experimental/AlembicImporter/AlembicImporter.uplugin
LogPluginManager: Loaded Plugin BlueprintStats, From D:/Program Files/Epic Games/UE_4.14/Engine/Plugins/Experimental/BlueprintStats/BlueprintStats.uplugin
LogPluginManager: Loaded Plugin CharacterAI, From D:/Program Files/Epic Games/UE_4.14/Engine/Plugins/Experimental/CharacterAI/CharacterAI.uplugin
LogPluginManager: Loaded Plugin CodeEditor, From D:/Program Files/Epic Games/UE_4.14/Engine/Plugins/Experimental/CodeEditor/CodeEditor.uplugin
LogPluginManager: Loaded Plugin CodeView, From D:/Program Files/Epic Games/UE_4.14/Engine/Plugins/Experimental/CodeView/CodeView.uplugin
LogPluginManager: Loaded Plugin HTML5Networking, From D:/Program Files/Epic Games/UE_4.14/Engine/Plugins/Experimental/HTML5Networking/HTML5Networking.uplugin
LogPluginManager: Loaded Plugin OSVR, From D:/Program Files/Epic Games/UE_4.14/Engine/Plugins/Experimental/OSVR/OSVR.uplugin
LogPluginManager: Loaded Plugin Phya, From D:/Program Files/Epic Games/UE_4.14/Engine/Plugins/Experimental/Phya/Phya.uplugin
LogPluginManager: Loaded Plugin SignificanceManager, From D:/Program Files/Epic Games/UE_4.14/Engine/Plugins/Experimental/SignificanceManager/SignificanceManager.uplugin
LogPluginManager: Loaded Plugin SimpleHMD, From D:/Program Files/Epic Games/UE_4.14/Engine/Plugins/Experimental/SimpleHMD/SimpleHMD.uplugin
LogPluginManager: Loaded Plugin StereoPanorama, From D:/Program Files/Epic Games/UE_4.14/Engine/Plugins/Experimental/StereoPanorama/StereoPanorama.uplugin
LogPluginManager: Loaded Plugin StructBox, From D:/Program Files/Epic Games/UE_4.14/Engine/Plugins/Experimental/StructBox/StructBox.uplugin
LogPluginManager: Loaded Plugin AndroidMedia, From D:/Program Files/Epic Games/UE_4.14/Engine/Plugins/Media/AndroidMedia/AndroidMedia.uplugin
LogPluginManager: Loaded Plugin AvfMedia, From D:/Program Files/Epic Games/UE_4.14/Engine/Plugins/Media/AvfMedia/AvfMedia.uplugin
LogPluginManager: Loaded Plugin MediaPlayerEditor, From D:/Program Files/Epic Games/UE_4.14/Engine/Plugins/Media/MediaPlayerEditor/MediaPlayerEditor.uplugin
LogPluginManager: Loaded Plugin WmfMedia, From D:/Program Files/Epic Games/UE_4.14/Engine/Plugins/Media/WmfMedia/WmfMedia.uplugin
LogPluginManager: Loaded Plugin MessagingDebugger, From D:/Program Files/Epic Games/UE_4.14/Engine/Plugins/Messaging/MessagingDebugger/MessagingDebugger.uplugin
LogPluginManager: Loaded Plugin TcpMessaging, From D:/Program Files/Epic Games/UE_4.14/Engine/Plugins/Messaging/TcpMessaging/TcpMessaging.uplugin
LogPluginManager: Loaded Plugin UdpMessaging, From D:/Program Files/Epic Games/UE_4.14/Engine/Plugins/Messaging/UdpMessaging/UdpMessaging.uplugin
LogPluginManager: Loaded Plugin LevelSequenceEditor, From D:/Program Files/Epic Games/UE_4.14/Engine/Plugins/MovieScene/LevelSequenceEditor/LevelSequenceEditor.uplugin
LogPluginManager: Loaded Plugin MatineeToLevelSequence, From D:/Program Files/Epic Games/UE_4.14/Engine/Plugins/MovieScene/MatineeToLevelSequence/MatineeToLevelSequence.uplugin
LogPluginManager: Loaded Plugin NetcodeUnitTest, From D:/Program Files/Epic Games/UE_4.14/Engine/Plugins/NetcodeUnitTest/NetcodeUnitTest/NetcodeUnitTest.uplugin
LogPluginManager: Loaded Plugin NUTUnrealEngine4, From D:/Program Files/Epic Games/UE_4.14/Engine/Plugins/NetcodeUnitTest/NUTUnrealEngine4/NUTUnrealEngine4.uplugin
LogPluginManager: Loaded Plugin OnlineSubsystemGameCircle, From D:/Program Files/Epic Games/UE_4.14/Engine/Plugins/Online/Android/OnlineSubsystemGameCircle/OnlineSubsystemGameCircle.uplugin
LogPluginManager: Loaded Plugin OnlineSubsystemGooglePlay, From D:/Program Files/Epic Games/UE_4.14/Engine/Plugins/Online/Android/OnlineSubsystemGooglePlay/OnlineSubsystemGooglePlay.uplugin
LogPluginManager: Loaded Plugin OnlineSubsystemIOS, From D:/Program Files/Epic Games/UE_4.14/Engine/Plugins/Online/IOS/OnlineSubsystemIOS/OnlineSubsystemIOS.uplugin
LogPluginManager: Loaded Plugin OnlineFramework, From D:/Program Files/Epic Games/UE_4.14/Engine/Plugins/Online/OnlineFramework/OnlineFramework.uplugin
LogPluginManager: Loaded Plugin OnlineSubsystem, From D:/Program Files/Epic Games/UE_4.14/Engine/Plugins/Online/OnlineSubsystem/OnlineSubsystem.uplugin
LogPluginManager: Loaded Plugin OnlineSubsystemAmazon, From D:/Program Files/Epic Games/UE_4.14/Engine/Plugins/Online/OnlineSubsystemAmazon/OnlineSubsystemAmazon.uplugin
LogPluginManager: Loaded Plugin OnlineSubsystemFacebook, From D:/Program Files/Epic Games/UE_4.14/Engine/Plugins/Online/OnlineSubsystemFacebook/OnlineSubsystemFacebook.uplugin
LogPluginManager: Loaded Plugin OnlineSubsystemNull, From D:/Program Files/Epic Games/UE_4.14/Engine/Plugins/Online/OnlineSubsystemNull/OnlineSubsystemNull.uplugin
LogPluginManager: Loaded Plugin OnlineSubsystemOculus, From D:/Program Files/Epic Games/UE_4.14/Engine/Plugins/Online/OnlineSubsystemOculus/OnlineSubsystemOculus.uplugin
LogPluginManager: Loaded Plugin OnlineSubsystemSteam, From D:/Program Files/Epic Games/UE_4.14/Engine/Plugins/Online/OnlineSubsystemSteam/OnlineSubsystemSteam.uplugin
LogPluginManager: Loaded Plugin OnlineSubsystemUtils, From D:/Program Files/Epic Games/UE_4.14/Engine/Plugins/Online/OnlineSubsystemUtils/OnlineSubsystemUtils.uplugin
LogPluginManager: Loaded Plugin IOSTapJoy, From D:/Program Files/Epic Games/UE_4.14/Engine/Plugins/Runtime/Advertising/IOSTapJoy/IOSTapJoy.uplugin
LogPluginManager: Loaded Plugin AnalyticsBlueprintLibrary, From D:/Program Files/Epic Games/UE_4.14/Engine/Plugins/Runtime/Analytics/AnalyticsBlueprintLibrary/AnalyticsBlueprintLibrary.uplugin
LogPluginManager: Loaded Plugin AnalyticsMulticast, From D:/Program Files/Epic Games/UE_4.14/Engine/Plugins/Runtime/Analytics/AnalyticsMulticast/AnalyticsMulticast.uplugin
LogPluginManager: Loaded Plugin Apsalar, From D:/Program Files/Epic Games/UE_4.14/Engine/Plugins/Runtime/Analytics/Apsalar/Apsalar.uplugin
LogPluginManager: Loaded Plugin FileLogging, From D:/Program Files/Epic Games/UE_4.14/Engine/Plugins/Runtime/Analytics/FileLogging/FileLogging.uplugin
LogPluginManager: Loaded Plugin Flurry, From D:/Program Files/Epic Games/UE_4.14/Engine/Plugins/Runtime/Analytics/Flurry/Flurry.uplugin
LogPluginManager: Loaded Plugin AndroidDeviceProfileSelector, From D:/Program Files/Epic Games/UE_4.14/Engine/Plugins/Runtime/AndroidDeviceProfileSelector/AndroidDeviceProfileSelector.uplugin
LogPluginManager: Loaded Plugin AndroidMoviePlayer, From D:/Program Files/Epic Games/UE_4.14/Engine/Plugins/Runtime/AndroidMoviePlayer/AndroidMoviePlayer.uplugin
LogPluginManager: Loaded Plugin AppleMoviePlayer, From D:/Program Files/Epic Games/UE_4.14/Engine/Plugins/Runtime/AppleMoviePlayer/AppleMoviePlayer.uplugin
LogPluginManager: Loaded Plugin ArchVisCharacter, From D:/Program Files/Epic Games/UE_4.14/Engine/Plugins/Runtime/ArchVisCharacter/ArchVisCharacter.uplugin
LogPluginManager: Loaded Plugin CableComponent, From D:/Program Files/Epic Games/UE_4.14/Engine/Plugins/Runtime/CableComponent/CableComponent.uplugin
LogPluginManager: Loaded Plugin CustomMeshComponent, From D:/Program Files/Epic Games/UE_4.14/Engine/Plugins/Runtime/CustomMeshComponent/CustomMeshComponent.uplugin
LogPluginManager: Loaded Plugin ExampleDeviceProfileSelector, From D:/Program Files/Epic Games/UE_4.14/Engine/Plugins/Runtime/ExampleDeviceProfileSelector/ExampleDeviceProfileSelector.uplugin
LogPluginManager: Loaded Plugin GearVR, From D:/Program Files/Epic Games/UE_4.14/Engine/Plugins/Runtime/GearVR/GearVR.uplugin
LogPluginManager: Loaded Plugin GoogleVRController, From D:/Program Files/Epic Games/UE_4.14/Engine/Plugins/Runtime/GoogleVR/GoogleVRController/GoogleVRController.uplugin
LogPluginManager: Loaded Plugin GoogleVRHMD, From D:/Program Files/Epic Games/UE_4.14/Engine/Plugins/Runtime/GoogleVR/GoogleVRHMD/GoogleVRHMD.uplugin
LogPluginManager: Loaded Plugin IOSDeviceProfileSelector, From D:/Program Files/Epic Games/UE_4.14/Engine/Plugins/Runtime/IOSDeviceProfileSelector/IOSDeviceProfileSelector.uplugin
LogPluginManager: Loaded Plugin LeapMotion, From D:/Program Files/Epic Games/UE_4.14/Engine/Plugins/Runtime/LeapMotion/LeapMotion.uplugin
LogPluginManager: Loaded Plugin LinuxDeviceProfileSelector, From D:/Program Files/Epic Games/UE_4.14/Engine/Plugins/Runtime/LinuxDeviceProfileSelector/LinuxDeviceProfileSelector.uplugin
LogPluginManager: Loaded Plugin MIDIDevice, From D:/Program Files/Epic Games/UE_4.14/Engine/Plugins/Runtime/MIDIDevice/MIDIDevice.uplugin
LogPluginManager: Loaded Plugin MobilePatchingUtils, From D:/Program Files/Epic Games/UE_4.14/Engine/Plugins/Runtime/MobilePatchingUtils/MobilePatchingUtils.uplugin
LogPluginManager: Loaded Plugin Ansel, From D:/Program Files/Epic Games/UE_4.14/Engine/Plugins/Runtime/Nvidia/Ansel/Ansel.uplugin
LogPluginManager: Loaded Plugin OculusAudio, From D:/Program Files/Epic Games/UE_4.14/Engine/Plugins/Runtime/OculusAudio/OculusAudio.uplugin
LogPluginManager: Loaded Plugin OculusInput, From D:/Program Files/Epic Games/UE_4.14/Engine/Plugins/Runtime/OculusInput/OculusInput.uplugin
LogPluginManager: Loaded Plugin OculusLibrary, From D:/Program Files/Epic Games/UE_4.14/Engine/Plugins/Runtime/OculusLibrary/OculusLibrary.uplugin
LogPluginManager: Loaded Plugin OculusRift, From D:/Program Files/Epic Games/UE_4.14/Engine/Plugins/Runtime/OculusRift/OculusRift.uplugin
LogPluginManager: Loaded Plugin Oodle, From D:/Program Files/Epic Games/UE_4.14/Engine/Plugins/Runtime/PacketHandlers/CompressionComponents/Oodle/Oodle.uplugin
LogPluginManager: Loaded Plugin ProceduralMeshComponent, From D:/Program Files/Epic Games/UE_4.14/Engine/Plugins/Runtime/ProceduralMeshComponent/ProceduralMeshComponent.uplugin
LogPluginManager: Loaded Plugin SoundMod, From D:/Program Files/Epic Games/UE_4.14/Engine/Plugins/Runtime/SoundMod/SoundMod.uplugin
LogPluginManager: Loaded Plugin SoundVisualizations, From D:/Program Files/Epic Games/UE_4.14/Engine/Plugins/Runtime/SoundVisualizations/SoundVisualizations.uplugin
LogPluginManager: Loaded Plugin SteamController, From D:/Program Files/Epic Games/UE_4.14/Engine/Plugins/Runtime/Steam/SteamController/SteamController.uplugin
LogPluginManager: Loaded Plugin SteamVR, From D:/Program Files/Epic Games/UE_4.14/Engine/Plugins/Runtime/Steam/SteamVR/SteamVR.uplugin
LogPluginManager: Loaded Plugin WebBrowserWidget, From D:/Program Files/Epic Games/UE_4.14/Engine/Plugins/Runtime/WebBrowserWidget/WebBrowserWidget.uplugin
LogPluginManager: Loaded Plugin WindowsDeviceProfileSelector, From D:/Program Files/Epic Games/UE_4.14/Engine/Plugins/Runtime/WindowsDeviceProfileSelector/WindowsDeviceProfileSelector.uplugin
LogPluginManager: Loaded Plugin WindowsMoviePlayer, From D:/Program Files/Epic Games/UE_4.14/Engine/Plugins/Runtime/WindowsMoviePlayer/WindowsMoviePlayer.uplugin
LogPluginManager: Loaded Plugin ScriptPlugin, From D:/Program Files/Epic Games/UE_4.14/Engine/Plugins/ScriptPlugin/ScriptPlugin.uplugin
LogPluginManager: Loaded Plugin SlateRemote, From D:/Program Files/Epic Games/UE_4.14/Engine/Plugins/Slate/SlateRemote/SlateRemote.uplugin
LogPluginManager: Loaded Plugin EditorTests, From D:/Program Files/Epic Games/UE_4.14/Engine/Plugins/Tests/EditorTests/EditorTests.uplugin
LogPluginManager: Loaded Plugin FbxAutomationTestBuilder, From D:/Program Files/Epic Games/UE_4.14/Engine/Plugins/Tests/FbxAutomationTestBuilder/FbxAutomationTestBuilder.uplugin
LogPluginManager: Loaded Plugin FunctionalTestingEditor, From D:/Program Files/Epic Games/UE_4.14/Engine/Plugins/Tests/FunctionalTestingEditor/FunctionalTestingEditor.uplugin
LogPluginManager: Loaded Plugin RuntimeTests, From D:/Program Files/Epic Games/UE_4.14/Engine/Plugins/Tests/RuntimeTests/RuntimeTests.uplugin
LogPluginManager: Loaded Plugin ScreenshotTools, From D:/Program Files/Epic Games/UE_4.14/Engine/Plugins/Tests/ScreenshotTools/ScreenshotTools.uplugin
LogInit: Using libcurl 7.47.1
LogInit:  - built for x86_64-pc-win32
LogInit:  - supports SSL with OpenSSL/1.0.2g
LogInit:  - supports HTTP deflate (compression) using libz 1.2.8
LogInit:  - other features:
LogInit:      CURL_VERSION_SSL
LogInit:      CURL_VERSION_LIBZ
LogInit:      CURL_VERSION_IPV6
LogInit:      CURL_VERSION_ASYNCHDNS
LogInit:      CURL_VERSION_LARGEFILE
LogInit:      CURL_VERSION_IDN
LogInit:  CurlRequestOptions (configurable via config and command line):
LogInit:  - bVerifyPeer = false  - Libcurl will NOT verify peer certificate
LogInit:  - bUseHttpProxy = false  - Libcurl will NOT use HTTP proxy
LogInit:  - bDontReuseConnections = false  - Libcurl will reuse connections
LogInit:  - CertBundlePath = nullptr  - Libcurl will use whatever was configured at build time.
LogInit: Build: ++UE4+Release-4.14-CL-3249277
LogInit: Engine Version: 4.14.3-3249277+++UE4+Release-4.14
LogInit: Compatible Engine Version: 4.14.0-3195953+++UE4+Release-4.14
LogInit: Net CL: 3195953
LogDevObjectVersion: Number of dev versions registered: 13
LogDevObjectVersion:   Dev-Blueprints (B0D832E4-1F89-4F0D-ACCF-7EB736FD4AA2): 7
LogDevObjectVersion:   Dev-Build (E1C64328-A22C-4D53-A36C-8E866417BD8C): 0
LogDevObjectVersion:   Dev-Core (375EC13C-06E4-48FB-B500-84F0262A717E): 1
LogDevObjectVersion:   Dev-Editor (E4B068ED-F494-42E9-A231-DA0B2E46BB41): 8
LogDevObjectVersion:   Dev-Framework (CFFC743F-43B0-4480-9391-14DF171D2073): 17
LogDevObjectVersion:   Dev-Mobile (B02B49B5-BB20-44E9-A304-32B752E40360): 0
LogDevObjectVersion:   Dev-Networking (A4E4105C-59A1-49B5-A7C5-40C4547EDFEE): 0
LogDevObjectVersion:   Dev-Online (39C831C9-5AE6-47DC-9A44-9C173E1C8E7C): 0
LogDevObjectVersion:   Dev-Physics (78F01B33-EBEA-4F98-B9B4-84EACCB95AA2): 0
LogDevObjectVersion:   Dev-Platform (6631380F-2D4D-43E0-8009-CF276956A95A): 0
LogDevObjectVersion:   Dev-Rendering (12F88B9F-8875-4AFC-A67C-D90C383ABD29): 12
LogDevObjectVersion:   Dev-Sequencer (7B5AE74C-D270-4C10-A958-57980B212A5A): 1
LogDevObjectVersion:   Dev-VR (D7296918-1DD6-4BDD-9DE2-64A83CC13884): 0
LogInit: Compiled (64-bit): Jan  6 2017 10:49:43
LogInit: Compiled with Visual C++: 19.00.23026.00
LogInit: Build Configuration: Development
LogInit: Branch Name: ++UE4+Release-4.14
LogInit: Command line:  
LogInit: Base directory: D:/Program Files/Epic Games/UE_4.14/Engine/Binaries/Win64/
LogInit: Installed Engine Build: 1
LogInit: Presizing for max 8388607 objects, including 0 objects not considered by GC, pre-allocating 0 bytes for permanent pool.
LogInit: Object subsystem initialized
[2017.04.13-01.26.29:666][  0]LogInit: Selected Device Profile: [Windows]
[2017.04.13-01.26.29:666][  0]LogInit: Applying CVar settings loaded from the selected device profile: [Windows]
[2017.04.13-01.26.29:784][  0]LogInit: Computer: SINES
[2017.04.13-01.26.29:784][  0]LogInit: User: Administrator
[2017.04.13-01.26.29:784][  0]LogInit: CPU Page size=65536, Cores=4
[2017.04.13-01.26.29:784][  0]LogInit: High frequency timer resolution =3.914060 MHz
[2017.04.13-01.26.29:803][  0]LogMemory: Memory total: Physical=31.9GB (32GB approx)
[2017.04.13-01.26.29:813][  0]LogMemory: Platform Memory Stats for Windows
[2017.04.13-01.26.29:813][  0]LogMemory: Process Physical Memory: 265.36 MB used, 265.36 MB peak
[2017.04.13-01.26.29:813][  0]LogMemory: Process Virtual Memory: 262.69 MB used, 262.69 MB peak
[2017.04.13-01.26.29:813][  0]LogMemory: Physical Memory: 3526.63 MB used,  29175.86 MB free, 32702.50 MB total
[2017.04.13-01.26.29:813][  0]LogMemory: Virtual Memory: 676.00 MB used,  29175.86 MB free, 134217728.00 MB total
[2017.04.13-01.26.32:006][  0]LogInit: Overriding culture en with editor configuration.
[2017.04.13-01.26.34:803][  0]LogD3D11RHI: D3D11 adapters:
[2017.04.13-01.26.34:850][  0]LogD3D11RHI:    0. 'NVIDIA GeForce GTX 1070' (Feature Level 11_0)
[2017.04.13-01.26.34:850][  0]LogD3D11RHI:       8145/0/16351 MB DedicatedVideo/DedicatedSystem/SharedSystem, Outputs:2, VendorId:0x10de
[2017.04.13-01.26.34:851][  0]LogD3D11RHI:    1. 'Microsoft Basic Render Driver' (Feature Level 11_0)
[2017.04.13-01.26.34:851][  0]LogD3D11RHI:       0/0/16351 MB DedicatedVideo/DedicatedSystem/SharedSystem, Outputs:0, VendorId:0x1414
[2017.04.13-01.26.34:851][  0]LogD3D11RHI: Chosen D3D11 Adapter: 0
[2017.04.13-01.26.34:889][  0]LogD3D11RHI: Creating new Direct3DDevice
[2017.04.13-01.26.34:889][  0]LogD3D11RHI:     GPU DeviceId: 0x1b81 (for the marketing name, search the web for "GPU Device Id")
[2017.04.13-01.26.34:889][  0]LogWindows: EnumDisplayDevices:
[2017.04.13-01.26.34:890][  0]LogWindows:    0. 'NVIDIA GeForce GTX 1070' (P:1 D:1)
[2017.04.13-01.26.34:903][  0]LogWindows:    1. 'NVIDIA GeForce GTX 1070' (P:0 D:1)
[2017.04.13-01.26.34:903][  0]LogWindows:    2. 'NVIDIA GeForce GTX 1070' (P:0 D:0)
[2017.04.13-01.26.34:903][  0]LogWindows:    3. 'NVIDIA GeForce GTX 1070' (P:0 D:0)
[2017.04.13-01.26.34:904][  0]LogWindows: DebugString: FoundDriverCount:4 
[2017.04.13-01.26.34:904][  0]LogD3D11RHI:     Adapter Name: NVIDIA GeForce GTX 1070
[2017.04.13-01.26.34:904][  0]LogD3D11RHI:   Driver Version: 369.09 (internal:21.21.13.6909, unified:369.09)
[2017.04.13-01.26.34:904][  0]LogD3D11RHI:      Driver Date: 8-1-2016
[2017.04.13-01.26.34:904][  0]LogRHI: Texture pool is 1361 MB (70% of 1945 MB)
[2017.04.13-01.26.34:919][  0]LogD3D11RHI: Async texture creation enabled
[2017.04.13-01.26.35:227][  0]LogD3D11RHI: GPU Timing Frequency: 1000.000000 (Debug: 2 2)
[2017.04.13-01.26.35:325][  0]LogShaderCompilers: Guid format shader working directory is 39 characters bigger than the processId version (E:/workLab/HMGG/Intermediate/Shaders/WorkingDirectory/9124/).
[2017.04.13-01.26.35:325][  0]LogShaderCompilers: Cleaned the shader compiler working directory 'C:/Users/Administrator/AppData/Local/Temp/UnrealShaderWorkingDir/DB79720A4E1934AA6A2953B22F737729/'.
[2017.04.13-01.26.35:334][  0]LogShaderCompilers:Display: Using Local Shader Compiler.
[2017.04.13-01.26.38:793][  0]LogTemp:Display: Loaded TP AllDesktopTargetPlatform
[2017.04.13-01.26.38:866][  0]LogTemp:Display: Loaded TP MacClientTargetPlatform
[2017.04.13-01.26.38:927][  0]LogTemp:Display: Loaded TP MacNoEditorTargetPlatform
[2017.04.13-01.26.38:964][  0]LogTemp:Display: Loaded TP MacServerTargetPlatform
[2017.04.13-01.26.39:051][  0]LogTemp:Display: Loaded TP MacTargetPlatform
[2017.04.13-01.26.39:087][  0]LogTemp:Display: Loaded TP WindowsClientTargetPlatform
[2017.04.13-01.26.39:175][  0]LogTemp:Display: Loaded TP WindowsNoEditorTargetPlatform
[2017.04.13-01.26.39:253][  0]LogTemp:Display: Loaded TP WindowsServerTargetPlatform
[2017.04.13-01.26.39:293][  0]LogTemp:Display: Loaded TP WindowsTargetPlatform
[2017.04.13-01.26.39:373][  0]LogTemp:Display: Loaded TP AndroidTargetPlatform
[2017.04.13-01.26.39:432][  0]LogTemp:Display: Loaded TP Android_ASTCTargetPlatform
[2017.04.13-01.26.39:493][  0]LogTemp:Display: Loaded TP Android_ATCTargetPlatform
[2017.04.13-01.26.39:561][  0]LogTemp:Display: Loaded TP Android_DXTTargetPlatform
[2017.04.13-01.26.39:631][  0]LogTemp:Display: Loaded TP Android_ETC1TargetPlatform
[2017.04.13-01.26.39:694][  0]LogTemp:Display: Loaded TP Android_ETC2TargetPlatform
[2017.04.13-01.26.39:802][  0]LogTemp:Display: Loaded TP Android_MultiTargetPlatform
[2017.04.13-01.26.39:802][  0]LogTemp:Display: Loaded TP Android_PVRTCTargetPlatform
[2017.04.13-01.26.39:845][  0]LogTemp:Display: Loaded TP HTML5TargetPlatform
[2017.04.13-01.26.39:973][  0]LogTemp:Display: Loaded TP IOSTargetPlatform
[2017.04.13-01.26.40:007][  0]LogTemp:Display: Loaded TP TVOSTargetPlatform
[2017.04.13-01.26.40:048][  0]LogTemp:Display: Loaded TP LinuxClientTargetPlatform
[2017.04.13-01.26.40:118][  0]LogTemp:Display: Loaded TP LinuxNoEditorTargetPlatform
[2017.04.13-01.26.40:155][  0]LogTemp:Display: Loaded TP LinuxServerTargetPlatform
[2017.04.13-01.26.40:251][  0]LogTemp:Display: Loaded TP LinuxTargetPlatform
[2017.04.13-01.26.40:251][  0]LogTargetPlatformManager:Display: Building Assets For Windows
[2017.04.13-01.26.41:286][  0]LogDerivedDataCache:Display: Max Cache Size: 512 MB
[2017.04.13-01.26.41:497][  0]LogDerivedDataCache: Loaded boot cache 0.21s 52MB C:/Users/Administrator/AppData/Local/UnrealEngine/4.14/DerivedDataCache/Boot.ddc.
[2017.04.13-01.26.41:497][  0]LogDerivedDataCache:Display: Loaded Boot cache: C:/Users/Administrator/AppData/Local/UnrealEngine/4.14/DerivedDataCache/Boot.ddc
[2017.04.13-01.26.41:497][  0]LogDerivedDataCache: FDerivedDataBackendGraph:  Pak pak cache file E:/workLab/HMGG/DerivedDataCache/DDC.ddp not found, will not use a pak cache.
[2017.04.13-01.26.41:497][  0]LogDerivedDataCache: Unable to find inner node Pak for hierarchical cache Hierarchy.
[2017.04.13-01.26.41:497][  0]LogDerivedDataCache: FDerivedDataBackendGraph:  CompressedPak pak cache file E:/workLab/HMGG/DerivedDataCache/Compressed.ddp not found, will not use a pak cache.
[2017.04.13-01.26.41:497][  0]LogDerivedDataCache: Unable to find inner node CompressedPak for hierarchical cache Hierarchy.
[2017.04.13-01.26.41:578][  0]LogDerivedDataCache:Display: Pak cache opened for reading ../../../Engine/DerivedDataCache/Compressed.ddp.
[2017.04.13-01.26.41:590][  0]LogDerivedDataCache: Using Local data cache path C:/Users/Administrator/AppData/Local/UnrealEngine/Common/DerivedDataCache: Writable
[2017.04.13-01.26.48:797][  0]LogInit: Selected Device Profile: [Windows]
[2017.04.13-01.26.48:880][  0]LogContentStreaming: Texture pool size is 0.00 MB
[2017.04.13-01.26.49:541][  0]LogMeshUtilities: Using QuadricMeshReduction for automatic static mesh reduction
[2017.04.13-01.26.49:727][  0]LogSimplygon: Simplygon DLL not present - disabling.
[2017.04.13-01.26.49:877][  0]LogMeshUtilities: Using SimplygonSwarm for distributed automatic mesh merging
[2017.04.13-01.26.49:877][  0]LogMeshUtilities: No automatic skeletal mesh reduction module available
[2017.04.13-01.26.49:877][  0]LogMeshUtilities: No automatic mesh merging module available
[2017.04.13-01.26.55:832][  0]LogNetVersion: GetLocalNetworkVersion: CL: 3195953, ProjectName: hmgg, ProjectVersion: , EngineNetworkVersion: 2, GameNetworkVersion: 0, NetworkChecksum: 3308668360
[2017.04.13-01.26.56:046][  0]LogAssetRegistry: FAssetRegistry took 0.0234 seconds to start up
[2017.04.13-01.26.56:317][  0]LogPackageLocalizationCache: Processed 3 localized package path(s) for 1 prioritized culture(s) in 0.174603 seconds
[2017.04.13-01.26.56:333][  0]LogUObjectArray: 31946 objects as part of root set at end of initial load.
[2017.04.13-01.26.56:333][  0]LogUObjectAllocator: 6935848 out of 0 bytes used by permanent object pool.
[2017.04.13-01.26.56:333][  0]LogUObjectArray: CloseDisregardForGC: 0/0 objects in disregard for GC pool
[2017.04.13-01.26.56:437][  0]LogInit: WinSock: version 1.1 (2.2), MaxSocks=32767, MaxUdp=65467
[2017.04.13-01.27.00:681][  0]LogSlate: Using Freetype 2.6.0
[2017.04.13-01.27.00:824][  0]LogSlate: SlateFontCache - WITH_FREETYPE: 1, WITH_HARFBUZZ: 1
[2017.04.13-01.27.00:824][  0]LogSlate: SlateFontCache - WITH_FREETYPE: 1, WITH_HARFBUZZ: 1
[2017.04.13-01.27.21:676][  0]LogTcpMessaging: Initializing TcpMessaging bridge
[2017.04.13-01.27.21:763][  0]LogUdpMessaging: Initializing bridge on interface 0.0.0.0:0 to multicast group 230.0.0.1:6666.
[2017.04.13-01.27.21:764][  0]FUdpSocketBuilder: Failed to bind UdpMessageMulticastSocket to 0.0.0.0:6666
[2017.04.13-01.27.21:764][  0]FUdpSocketBuilder: Failed to configure multicast for UdpMessageMulticastSocket (loopback: 1, ttl: 1)
[2017.04.13-01.27.21:764][  0]FUdpSocketBuilder: Failed to create and initialize socket UdpMessageMulticastSocket (last error: 0)
[2017.04.13-01.27.21:764][  0]LogUdpMessaging:Warning: StartTransport failed to create multicast socket on 0.0.0.0:0, joined to 230.0.0.1:6666 with TTL 1
[2017.04.13-01.27.22:849][  0]LogMaterial: Uniform references updated for custom material expression Custom.
[2017.04.13-01.27.23:912][  0]SourceControl: Info Source control is disabled
[2017.04.13-01.27.24:082][  0]SourceControl: Info Source control is disabled
[2017.04.13-01.27.24:190][  0]SourceControl: Info Source control is disabled
[2017.04.13-01.27.24:273][  0]SourceControl: Info Source control is disabled
[2017.04.13-01.27.27:284][  0]LogEngine: Initializing Engine...
[2017.04.13-01.27.31:065][  0]LogHMD: SteamVR initialized.  Driver: lighthouse  Display: LHR-7160DFBF
[2017.04.13-01.27.32:619][  0]LogAIModule: Creating AISystem for world Untitled
[2017.04.13-01.27.32:741][  0]LogInit: XAudio2 using '扬声器 (2- USB Audio Device)' : 2 channels at 44.1 kHz using 16 bits per sample (channel mask 0x3)
[2017.04.13-01.27.32:773][  0]LogInit: FAudioDevice initialized.
[2017.04.13-01.27.32:795][  0]LogDerivedDataCache: Saved boot cache 0.02s 52MB C:/Users/Administrator/AppData/Local/UnrealEngine/4.14/DerivedDataCache/Boot.ddc.
[2017.04.13-01.27.32:807][  0]LogInit: Texture streaming: Enabled
[2017.04.13-01.27.36:925][  0]LogInit: Transaction tracking system initialized
[2017.04.13-01.27.39:473][  0]BlueprintLog: New page: Editor Load
[2017.04.13-01.27.43:547][  0]LocalizationService: Info Localization service is disabled
[2017.04.13-01.27.46:042][  0]LogConsoleResponse:Display: 
[2017.04.13-01.27.48:740][  0]LogFileCache: Scanning file cache for directory 'E:/workLab/HMGG/Content/' took 0.01s
[2017.04.13-01.27.48:740][  0]LogCook:Display: Max memory allowance for cook 16384mb min free memory 0mb
[2017.04.13-01.27.48:750][  0]LogCook:Display: Mobile HDR setting 1
[2017.04.13-01.27.53:305][  0]SourceControl: Info Source control is disabled
[2017.04.13-01.27.53:368][  0]Cmd: MAP LOAD FILE="../../../Engine/Content/Maps/Templates/Template_Default.umap" TEMPLATE=1 SHOWPROGRESS=1 FEATURELEVEL=3
[2017.04.13-01.27.53:429][  0]LightingResults: New page: Lighting Build
[2017.04.13-01.27.53:594][  0]MapCheck: New page: Map Check
[2017.04.13-01.27.53:594][  0]LightingResults: New page: Lighting Build
[2017.04.13-01.27.54:813][  0]LogAIModule: Creating AISystem for world Untitled_1
[2017.04.13-01.27.54:822][  0]LogActorComponent: RegisterComponentWithWorld: (/Temp/Untitled_1.Untitled_1:PersistentLevel.WorldSettings_1.StaticMeshComponent0) Trying to register component with IsPendingKill() == true. Aborting.
[2017.04.13-01.27.55:194][  0]LogEditorServer: Finished looking for orphan Actors (0.000 secs)
[2017.04.13-01.27.55:243][  0]Cmd: MAP CHECKDEP NOCLEARLOG
[2017.04.13-01.27.55:270][  0]MapCheck: Info Map check complete: 0 Error(s), 0 Warning(s), took 26.611ms to complete.
[2017.04.13-01.27.55:270][  0]LogFileHelpers: Loading map 'Template_Default' took 1.933
[2017.04.13-01.27.56:611][  0]LogCollectionManager: Loaded 0 collections in 0.001185 seconds
[2017.04.13-01.27.56:816][  0]LogFileCache: Scanning file cache for directory 'E:/workLab/HMGG/Saved/Collections/' took 0.01s
[2017.04.13-01.27.56:816][  0]LogFileCache: Scanning file cache for directory 'E:/workLab/HMGG/Content/Developers/Administrator/Collections/' took 0.01s
[2017.04.13-01.27.56:816][  0]LogFileCache: Scanning file cache for directory 'E:/workLab/HMGG/Content/Collections/' took 0.01s
[2017.04.13-01.27.56:816][  0]LogCollectionManager: Rebuilt the GUID cache for 0 collections in 0.000002 seconds
[2017.04.13-01.27.56:830][  0]LogContentBrowser: Native class hierarchy populated in 0.0116 seconds. Added 2190 classes and 428 folders.
[2017.04.13-01.27.56:941][  0]LogStats: UGameplayTagsManager::ConstructGameplayTagTree: Construct from data asset -  0.000 s
[2017.04.13-01.27.56:941][  0]LogStats: UGameplayTagsManager::ConstructGameplayTagTree: GameplayTagTreeChangedEvent.Broadcast -  0.000 s
[2017.04.13-01.27.56:942][  0]LogContentBrowser: Native class hierarchy updated for 'GameplayTags' in 0.0004 seconds. Added 13 classes and 0 folders.
[2017.04.13-01.27.56:982][  0]LogContentBrowser: Native class hierarchy updated for 'WidgetCarousel' in 0.0003 seconds. Added 0 classes and 0 folders.
[2017.04.13-01.27.57:615][  0]LogContentBrowser: Native class hierarchy updated for 'AddContentDialog' in 0.0004 seconds. Added 0 classes and 0 folders.
[2017.04.13-01.27.57:734][  0]LogContentBrowser: Native class hierarchy updated for 'SceneOutliner' in 0.0004 seconds. Added 1 classes and 2 folders.
[2017.04.13-01.27.58:533][  0]LogCrashTracker: Crashtracker disabled due to settings.
[2017.04.13-01.27.58:866][  0]LogUObjectGlobals:Warning: Failed to find object 'Class None.'
[2017.04.13-01.27.59:655][  0]LogContentBrowser: Native class hierarchy updated for 'HierarchicalLODOutliner' in 0.0004 seconds. Added 1 classes and 2 folders.
[2017.04.13-01.27.59:655][  0]LogLoad: (Engine Initialization) Total time: 95.93 seconds
[2017.04.13-01.27.59:655][  0]LogLoad: (Engine Initialization) Total Blueprint compile time: 0.79 seconds
[2017.04.13-01.27.59:709][  0]LogExternalProfiler: Found external profiler: VSPerf
[2017.04.13-01.27.59:709][  0]LogExternalProfiler: Using external profiler: VSPerf
[2017.04.13-01.28.00:170][  0]LogOcInput: OculusInput pre-init called
[2017.04.13-01.28.02:144][  0]LogContentStreaming: Texture pool size now 1000 MB
[2017.04.13-01.28.03:011][  0]LogRenderer: Reallocating scene render targets to support 1036x624 NumSamples 1 (Frame:2).
[2017.04.13-01.28.03:496][  2]LogAssetRegistry: Asset discovery search completed in 67.4728 seconds
[2017.04.13-01.28.03:496][  2]LogCollectionManager: Rebuilt the object cache for 0 collections in 0.000001 seconds (found 0 objects)
[2017.04.13-01.28.03:496][  2]LogCollectionManager: Fixed up redirectors for 0 collections in 0.000015 seconds (updated 0 objects)
[2017.04.13-01.31.36:959][642]LogWindowsTextInputMethodSystem:Display: IME system now deactivated.
[2017.04.13-01.31.37:627][643]Cmd: QUIT_EDITOR
[2017.04.13-01.31.37:921][643]LogExit: Preparing to exit.
[2017.04.13-01.31.39:366][643]LogExit: Editor shut down
[2017.04.13-01.31.39:367][643]LogExit: Transaction tracking system shut down
[2017.04.13-01.31.40:184][643]LogObj: Freed 0b from 0 cluster array pools.
[2017.04.13-01.31.40:184][643]LogExit: Object subsystem successfully closed.
[2017.04.13-01.31.40:301][643]LogD3D11RHI: Shutdown
[2017.04.13-01.31.40:301][643]LogD3D11RHI: CleanupD3DDevice
[2017.04.13-01.31.40:368][643]LogD3D11RHI: ~FD3D11DynamicRHI
[2017.04.13-01.31.40:742][643]LogHttp:Display: Http module shutting down, but needs to wait on 1 outstanding Http requests:
[2017.04.13-01.31.40:742][643]LogHttp:Display: 	verb=[POST] url=[https://datarouter.ol.epicgames.com/datarouter/api/v1/public/data?SessionID=%7BE2A00001-42AB-9D97-3726-438E0BFF8391%7D&AppID=UEEditor.Rocket.Release&AppVersion=4.14.3-3249277%2B%2B%2BUE4%2BRelease-4.14&UserID=91ec1fce47b93f77e7cf2faf2d96e516%7Cdc5c8f76a24e430299123cb380efe00c%7Cbbd72fa9-5a4c-4ddb-a188-3d2a80bce91f&AppEnvironment=datacollector-binary&UploadType=eteventstream] status=Processing
[2017.04.13-01.31.40:784][643]LogModuleManager: Shutting down and abandoning module HierarchicalLODOutliner (241)
[2017.04.13-01.31.40:792][643]LogModuleManager: Shutting down and abandoning module CrashTracker (240)
[2017.04.13-01.31.40:792][643]LogModuleManager: Shutting down and abandoning module SceneOutliner (239)
[2017.04.13-01.31.40:792][643]LogModuleManager: Shutting down and abandoning module WidgetCarousel (238)
[2017.04.13-01.31.40:792][643]LogModuleManager: Shutting down and abandoning module AddContentDialog (237)
[2017.04.13-01.31.40:792][643]LogDirectoryWatcher: A directory notification for 'D:/Program Files/Epic Games/UE_4.14/FeaturePacks/' was aborted.
[2017.04.13-01.31.40:794][643]LogModuleManager: Shutting down and abandoning module GameplayTags (236)
[2017.04.13-01.31.40:794][643]LogModuleManager: Shutting down and abandoning module EditorWidgets (235)
[2017.04.13-01.31.40:794][643]LogModuleManager: Shutting down and abandoning module CollectionManager (234)
[2017.04.13-01.31.40:794][643]LogDirectoryWatcher: A directory notification for 'E:/workLab/HMGG/Content/Collections/' was aborted.
[2017.04.13-01.31.40:794][643]LogDirectoryWatcher: A directory notification for 'E:/workLab/HMGG/Content/Developers/Administrator/Collections/' was aborted.
[2017.04.13-01.31.40:794][643]LogDirectoryWatcher: A directory notification for 'E:/workLab/HMGG/Saved/Collections/' was aborted.
[2017.04.13-01.31.40:794][643]LogModuleManager: Shutting down and abandoning module StatsViewer (233)
[2017.04.13-01.31.40:819][643]LogModuleManager: Shutting down and abandoning module FoliageEdit (232)
[2017.04.13-01.31.40:819][643]LogModuleManager: Shutting down and abandoning module LandscapeEditor (231)
[2017.04.13-01.31.40:829][643]LogModuleManager: Shutting down and abandoning module SceneDepthPickerMode (230)
[2017.04.13-01.31.40:829][643]LogModuleManager: Shutting down and abandoning module ActorPickerMode (229)
[2017.04.13-01.31.40:829][643]LogModuleManager: Shutting down and abandoning module GeometryMode (228)
[2017.04.13-01.31.40:829][643]LogModuleManager: Shutting down and abandoning module TextureAlignMode (227)
[2017.04.13-01.31.40:829][643]LogModuleManager: Shutting down and abandoning module BspMode (226)
[2017.04.13-01.31.40:829][643]LogModuleManager: Shutting down and abandoning module HardwareSurvey (225)
[2017.04.13-01.31.40:829][643]LogModuleManager: Shutting down and abandoning module SequenceRecorderSections (224)
[2017.04.13-01.31.40:829][643]LogModuleManager: Shutting down and abandoning module AutomationWorker (223)
[2017.04.13-01.31.40:829][643]LogModuleManager: Shutting down and abandoning module MatineeToLevelSequence (222)
[2017.04.13-01.31.40:829][643]LogModuleManager: Shutting down and abandoning module PlacementMode (221)
[2017.04.13-01.31.40:847][643]LogModuleManager: Shutting down and abandoning module LevelSequenceEditor (220)
[2017.04.13-01.31.40:863][643]LogModuleManager: Shutting down and abandoning module WmfMediaFactory (219)
[2017.04.13-01.31.40:863][643]LogModuleManager: Shutting down and abandoning module WmfMediaEditor (218)
[2017.04.13-01.31.40:863][643]LogModuleManager: Shutting down and abandoning module AvfMediaFactory (217)
[2017.04.13-01.31.40:863][643]LogModuleManager: Shutting down and abandoning module AvfMediaEditor (216)
[2017.04.13-01.31.40:863][643]LogModuleManager: Shutting down and abandoning module Media (215)
[2017.04.13-01.31.40:863][643]LogModuleManager: Shutting down and abandoning module AndroidMediaFactory (214)
[2017.04.13-01.31.40:863][643]LogModuleManager: Shutting down and abandoning module AndroidMediaEditor (213)
[2017.04.13-01.31.40:863][643]LogModuleManager: Shutting down and abandoning module CharacterAI (212)
[2017.04.13-01.31.40:863][643]LogModuleManager: Shutting down and abandoning module SequenceRecorder (211)
[2017.04.13-01.31.40:908][643]LogModuleManager: Shutting down and abandoning module AudioCapture (210)
[2017.04.13-01.31.40:908][643]LogModuleManager: Shutting down and abandoning module SmartSnapping (209)
[2017.04.13-01.31.40:908][643]LogModuleManager: Shutting down and abandoning module SessionServices (208)
[2017.04.13-01.31.40:908][643]LogModuleManager: Shutting down and abandoning module ViewportSnapping (207)
[2017.04.13-01.31.40:908][643]LogModuleManager: Shutting down and abandoning module ViewportInteraction (206)
[2017.04.13-01.31.40:908][643]LogModuleManager: Shutting down and abandoning module LogVisualizer (205)
[2017.04.13-01.31.40:922][643]LogModuleManager: Shutting down and abandoning module GameProjectGeneration (204)
[2017.04.13-01.31.40:957][643]LogModuleManager: Shutting down and abandoning module IntroTutorials (203)
[2017.04.13-01.31.41:002][643]LogModuleManager: Shutting down and abandoning module EditorLiveStreaming (202)
[2017.04.13-01.31.41:002][643]LogModuleManager: Shutting down and abandoning module IOSPlatformEditor (201)
[2017.04.13-01.31.41:002][643]LogModuleManager: Shutting down and abandoning module HTML5PlatformEditor (200)
[2017.04.13-01.31.41:002][643]LogModuleManager: Shutting down and abandoning module AndroidDeviceDetection (199)
[2017.04.13-01.31.41:099][643]LogModuleManager: Shutting down and abandoning module AndroidPlatformEditor (198)
[2017.04.13-01.31.41:099][643]LogModuleManager: Shutting down and abandoning module IOSRuntimeSettings (197)
[2017.04.13-01.31.41:099][643]LogModuleManager: Shutting down and abandoning module AndroidRuntimeSettings (196)
[2017.04.13-01.31.41:099][643]LogModuleManager: Shutting down and abandoning module InputBindingEditor (195)
[2017.04.13-01.31.41:099][643]LogModuleManager: Shutting down and abandoning module NiagaraEditor (194)
[2017.04.13-01.31.41:125][643]LogModuleManager: Shutting down and abandoning module MergeActors (193)
[2017.04.13-01.31.41:155][643]LogModuleManager: Shutting down and abandoning module SizeMap (192)
[2017.04.13-01.31.41:155][643]LogModuleManager: Shutting down and abandoning module TreeMap (191)
[2017.04.13-01.31.41:155][643]LogModuleManager: Shutting down and abandoning module ReferenceViewer (190)
[2017.04.13-01.31.41:155][643]LogModuleManager: Shutting down and abandoning module LocalizationService (189)
[2017.04.13-01.31.41:155][643]LogModuleManager: Shutting down and abandoning module LocalizationDashboard (188)
[2017.04.13-01.31.41:173][643]LogModuleManager: Shutting down and abandoning module HardwareTargeting (187)
[2017.04.13-01.31.41:173][643]LogModuleManager: Shutting down and abandoning module DeviceProfileEditor (186)
[2017.04.13-01.31.41:193][643]LogModuleManager: Shutting down and abandoning module UndoHistory (185)
[2017.04.13-01.31.41:209][643]LogModuleManager: Shutting down and abandoning module UserFeedback (184)
[2017.04.13-01.31.41:209][643]LogModuleManager: Shutting down and abandoning module XmlParser (183)
[2017.04.13-01.31.41:209][643]LogModuleManager: Shutting down and abandoning module Blutility (182)
[2017.04.13-01.31.41:209][643]LogModuleManager: Shutting down and abandoning module ProjectTargetPlatformEditor (181)
[2017.04.13-01.31.41:209][643]LogModuleManager: Shutting down and abandoning module ProjectSettingsViewer (180)
[2017.04.13-01.31.41:209][643]LogModuleManager: Shutting down and abandoning module EditorSettingsViewer (179)
[2017.04.13-01.31.41:209][643]LogModuleManager: Shutting down and abandoning module SettingsEditor (178)
[2017.04.13-01.31.41:220][643]LogModuleManager: Shutting down and abandoning module ProjectLauncher (177)
[2017.04.13-01.31.41:252][643]LogModuleManager: Shutting down and abandoning module SessionFrontend (176)
[2017.04.13-01.31.41:255][643]LogModuleManager: Shutting down and abandoning module ProfilerClient (175)
[2017.04.13-01.31.41:255][643]LogModuleManager: Shutting down and abandoning module TargetDeviceServices (174)
[2017.04.13-01.31.41:255][643]LogModuleManager: Shutting down and abandoning module DeviceManager (173)
[2017.04.13-01.31.41:347][643]LogModuleManager: Shutting down and abandoning module AutomationController (172)
[2017.04.13-01.31.41:347][643]LogModuleManager: Shutting down and abandoning module AutomationWindow (171)
[2017.04.13-01.31.41:368][643]LogModuleManager: Shutting down and abandoning module Layers (170)
[2017.04.13-01.31.41:368][643]LogModuleManager: Shutting down and abandoning module ComponentVisualizers (169)
[2017.04.13-01.31.41:368][643]LogModuleManager: Shutting down and abandoning module DetailCustomizations (168)
[2017.04.13-01.31.41:368][643]LogModuleManager: Shutting down and abandoning module PackagesDialog (167)
[2017.04.13-01.31.41:387][643]LogModuleManager: Shutting down and abandoning module AnimGraph (166)
[2017.04.13-01.31.41:387][643]LogModuleManager: Shutting down and abandoning module Persona (165)
[2017.04.13-01.31.41:394][643]LogModuleManager: Shutting down and abandoning module Kismet (164)
[2017.04.13-01.31.41:394][643]LogModuleManager: Shutting down and abandoning module GraphEditor (163)
[2017.04.13-01.31.41:428][643]LogModuleManager: Shutting down and abandoning module ClassViewer (162)
[2017.04.13-01.31.41:441][643]LogModuleManager: Shutting down and abandoning module Toolbox (161)
[2017.04.13-01.31.41:441][643]LogModuleManager: Shutting down and abandoning module ModuleUI (160)
[2017.04.13-01.31.41:453][643]LogModuleManager: Shutting down and abandoning module MovieSceneTools (159)
[2017.04.13-01.31.41:480][643]LogModuleManager: Shutting down and abandoning module OutputLog (158)
[2017.04.13-01.31.41:480][643]LogModuleManager: Shutting down and abandoning module GammaUI (157)
[2017.04.13-01.31.41:480][643]LogModuleManager: Shutting down and abandoning module Documentation (156)
[2017.04.13-01.31.41:480][643]LogModuleManager: Shutting down and abandoning module Niagara (155)
[2017.04.13-01.31.41:480][643]LogModuleManager: Shutting down and abandoning module StreamingPauseRendering (154)
[2017.04.13-01.31.41:480][643]LogModuleManager: Shutting down and abandoning module AnalyticsET (153)
[2017.04.13-01.31.41:480][643]LogModuleManager: Shutting down and abandoning module PortalServices (152)
[2017.04.13-01.31.41:480][643]LogModuleManager: Shutting down and abandoning module PortalRpc (151)
[2017.04.13-01.31.41:480][643]LogModuleManager: Shutting down and abandoning module MessagingRpc (150)
[2017.04.13-01.31.41:480][643]LogModuleManager: Shutting down and abandoning module GameplayDebugger (149)
[2017.04.13-01.31.41:480][643]LogModuleManager: Shutting down and abandoning module AITestSuite (148)
[2017.04.13-01.31.41:480][643]LogModuleManager: Shutting down and abandoning module AIModule (147)
[2017.04.13-01.31.41:480][643]LogModuleManager: Shutting down and abandoning module ProfilerService (146)
[2017.04.13-01.31.41:640][643]LogModuleManager: Shutting down and abandoning module TaskGraph (145)
[2017.04.13-01.31.41:676][643]LogModuleManager: Shutting down and abandoning module SlateRemote (144)
[2017.04.13-01.31.41:676][643]LogModuleManager: Shutting down and abandoning module SteamVRController (143)
[2017.04.13-01.31.41:676][643]LogModuleManager: Shutting down and abandoning module SteamVR (142)
[2017.04.13-01.31.41:676][643]LogModuleManager: Shutting down and abandoning module ProceduralMeshComponentEditor (141)
[2017.04.13-01.31.41:676][643]LogModuleManager: Shutting down and abandoning module ProceduralMeshComponent (140)
[2017.04.13-01.31.41:676][643]LogModuleManager: Shutting down and abandoning module OculusLibrary (139)
[2017.04.13-01.31.41:676][643]LogModuleManager: Shutting down and abandoning module OculusInput (138)
[2017.04.13-01.31.41:676][643]LogModuleManager: Shutting down and abandoning module MobilePatchingUtils (137)
[2017.04.13-01.31.41:676][643]LogModuleManager: Shutting down and abandoning module CustomMeshComponent (136)
[2017.04.13-01.31.41:676][643]LogModuleManager: Shutting down and abandoning module CableComponent (135)
[2017.04.13-01.31.41:676][643]LogModuleManager: Shutting down and abandoning module ArchVisCharacter (134)
[2017.04.13-01.31.41:676][643]LogModuleManager: Shutting down and abandoning module MediaPlayerEditor (132)
[2017.04.13-01.31.41:814][643]LogModuleManager: Shutting down and abandoning module HTML5Networking (131)
[2017.04.13-01.31.41:839][643]LogModuleManager: Shutting down and abandoning module GeometryCacheEd (130)
[2017.04.13-01.31.41:839][643]LogModuleManager: Shutting down and abandoning module GeometryCache (129)
[2017.04.13-01.31.41:839][643]LogModuleManager: Shutting down and abandoning module AlembicLibrary (128)
[2017.04.13-01.31.41:839][643]LogModuleManager: Shutting down and abandoning module AlembicImporter (127)
[2017.04.13-01.31.41:839][643]LogModuleManager: Shutting down and abandoning module SuperSearch (126)
[2017.04.13-01.31.41:839][643]LogModuleManager: Shutting down and abandoning module SuperSearchEditor (125)
[2017.04.13-01.31.41:839][643]LogModuleManager: Shutting down and abandoning module SpeedTreeImporter (124)
[2017.04.13-01.31.41:839][643]LogModuleManager: Shutting down and abandoning module PluginBrowser (123)
[2017.04.13-01.31.41:839][643]LogModuleManager: Shutting down and abandoning module MobileLauncherProfileWizard (122)
[2017.04.13-01.31.41:850][643]LogModuleManager: Shutting down and abandoning module EpicSurvey (121)
[2017.04.13-01.31.41:850][643]LogModuleManager: Shutting down and abandoning module DesktopPlatform (120)
[2017.04.13-01.31.41:850][643]LogModuleManager: Shutting down and abandoning module VisualStudioSourceCodeAccess (119)
[2017.04.13-01.31.41:850][643]LogModuleManager: Shutting down and abandoning module UObjectPlugin (118)
[2017.04.13-01.31.41:850][643]LogModuleManager: Shutting down and abandoning module SubversionSourceControl (117)
[2017.04.13-01.31.41:850][643]LogModuleManager: Shutting down and abandoning module PerforceSourceControl (116)
[2017.04.13-01.31.41:850][643]LogModuleManager: Shutting down and abandoning module SourceControl (115)
[2017.04.13-01.31.41:850][643]LogModuleManager: Shutting down and abandoning module GitSourceControl (114)
[2017.04.13-01.31.41:850][643]LogModuleManager: Shutting down and abandoning module LightPropagationVolumeEditor (113)
[2017.04.13-01.31.41:850][643]LogModuleManager: Shutting down and abandoning module PaperTiledImporter (112)
[2017.04.13-01.31.41:850][643]LogModuleManager: Shutting down and abandoning module PaperSpriteSheetImporter (111)
[2017.04.13-01.31.41:850][643]LogModuleManager: Shutting down and abandoning module MeshPaint (110)
[2017.04.13-01.31.41:850][643]LogModuleManager: Shutting down and abandoning module PixelInspectorModule (109)
[2017.04.13-01.31.41:897][643]LogModuleManager: Shutting down and abandoning module HotReload (108)
[2017.04.13-01.31.41:897][643]LogModuleManager: Shutting down and abandoning module MainFrame (107)
[2017.04.13-01.31.41:897][643]LogModuleManager: Shutting down and abandoning module LevelEditor (106)
[2017.04.13-01.31.41:898][643]LogModuleManager: Shutting down and abandoning module ContentBrowser (105)
[2017.04.13-01.31.41:899][643]LogModuleManager: Shutting down and abandoning module Paper2DEditor (104)
[2017.04.13-01.31.41:919][643]LogModuleManager: Shutting down and abandoning module UdpMessaging (103)
[2017.04.13-01.31.42:020][643]LogModuleManager: Shutting down and abandoning module TcpMessaging (102)
[2017.04.13-01.31.42:120][643]LogModuleManager: Shutting down and abandoning module LightPropagationVolumeRuntime (101)
[2017.04.13-01.31.42:120][643]LogModuleManager: Shutting down and abandoning module Paper2D (100)
[2017.04.13-01.31.42:120][643]LogModuleManager: Shutting down and abandoning module WindowsMoviePlayer (99)
[2017.04.13-01.31.42:120][643]LogModuleManager: Shutting down and abandoning module WmfMedia (98)
[2017.04.13-01.31.42:120][643]LogModuleManager: Shutting down and abandoning module MediaAssets (97)
[2017.04.13-01.31.42:120][643]LogModuleManager: Shutting down and abandoning module GameLiveStreaming (96)
[2017.04.13-01.31.42:120][643]LogModuleManager: Shutting down and abandoning module GameplayTagsEditor (95)
[2017.04.13-01.31.42:120][643]LogModuleManager: Shutting down and abandoning module VREditor (94)
[2017.04.13-01.31.42:120][643]LogModuleManager: Shutting down and abandoning module GameplayTasksEditor (93)
[2017.04.13-01.31.42:120][643]LogModuleManager: Shutting down and abandoning module BehaviorTreeEditor (92)
[2017.04.13-01.31.42:136][643]LogModuleManager: Shutting down and abandoning module FunctionalTesting (91)
[2017.04.13-01.31.42:136][643]LogModuleManager: Shutting down and abandoning module CollisionAnalyzer (90)
[2017.04.13-01.31.42:142][643]LogModuleManager: Shutting down and abandoning module Sequencer (89)
[2017.04.13-01.31.42:154][643]LogModuleManager: Shutting down and abandoning module WorkspaceMenuStructure (88)
[2017.04.13-01.31.42:154][643]LogModuleManager: Shutting down and abandoning module MessageLog (87)
[2017.04.13-01.31.42:170][643]LogModuleManager: Shutting down and abandoning module AssetTools (86)
[2017.04.13-01.31.42:218][643]LogModuleManager: Shutting down and abandoning module UMGEditor (85)
[2017.04.13-01.31.42:273][643]LogModuleManager: Shutting down and abandoning module UMG (84)
[2017.04.13-01.31.42:290][643]LogModuleManager: Shutting down and abandoning module SlateReflector (83)
[2017.04.13-01.31.42:340][643]LogModuleManager: Shutting down and abandoning module Slate (82)
[2017.04.13-01.31.42:340][643]LogModuleManager: Shutting down and abandoning module EditorStyle (81)
[2017.04.13-01.31.42:342][643]LogModuleManager: Shutting down and abandoning module SourceCodeAccess (80)
[2017.04.13-01.31.42:342][643]LogModuleManager: Shutting down and abandoning module HeadMountedDisplay (79)
[2017.04.13-01.31.42:342][643]LogModuleManager: Shutting down and abandoning module XAudio2 (78)
[2017.04.13-01.31.42:342][643]LogModuleManager: Shutting down and abandoning module Networking (76)
[2017.04.13-01.31.42:342][643]LogModuleManager: Shutting down and abandoning module Core (75)
[2017.04.13-01.31.42:342][643]LogModuleManager: Shutting down and abandoning module DirectoryWatcher (74)
[2017.04.13-01.31.42:342][643]LogDirectoryWatcher: A directory notification for '../../../Engine/Content/' was aborted.
[2017.04.13-01.31.42:342][643]LogDirectoryWatcher: A directory notification for 'E:/workLab/HMGG/Content/' was aborted.
[2017.04.13-01.31.42:342][643]LogDirectoryWatcher: A directory notification for '../../../Engine/Plugins/2D/Paper2D/Content/' was aborted.
[2017.04.13-01.31.42:342][643]LogModuleManager: Shutting down and abandoning module AssetRegistry (73)
[2017.04.13-01.31.42:516][643]LogModuleManager: Shutting down and abandoning module KismetCompiler (72)
[2017.04.13-01.31.42:516][643]LogModuleManager: Shutting down and abandoning module PhysXFormats (71)
[2017.04.13-01.31.42:516][643]LogModuleManager: Shutting down and abandoning module SimplygonSwarm (70)
[2017.04.13-01.31.42:516][643]LogModuleManager: Shutting down and abandoning module SimplygonMeshReduction (69)
[2017.04.13-01.31.42:516][643]LogModuleManager: Shutting down and abandoning module QuadricMeshReduction (68)
[2017.04.13-01.31.42:516][643]LogModuleManager: Shutting down and abandoning module PropertyEditor (67)
[2017.04.13-01.31.42:516][643]LogModuleManager: Shutting down and abandoning module MeshUtilities (66)
[2017.04.13-01.31.42:537][643]LogModuleManager: Shutting down and abandoning module DerivedDataCache (65)
[2017.04.13-01.31.42:631][643]LogDerivedDataCache: Shutdown
[2017.04.13-01.31.42:631][643]LogModuleManager: Shutting down and abandoning module VulkanShaderFormat (64)
[2017.04.13-01.31.42:632][643]LogModuleManager: Shutting down and abandoning module ShaderFormatOpenGL (63)
[2017.04.13-01.31.42:632][643]LogModuleManager: Shutting down and abandoning module ShaderFormatD3D (62)
[2017.04.13-01.31.42:632][643]LogModuleManager: Shutting down and abandoning module MetalShaderFormat (61)
[2017.04.13-01.31.42:632][643]LogModuleManager: Shutting down and abandoning module TextureFormatUncompressed (60)
[2017.04.13-01.31.42:632][643]LogModuleManager: Shutting down and abandoning module TextureFormatPVR (59)
[2017.04.13-01.31.42:632][643]LogModuleManager: Shutting down and abandoning module TextureFormatDXT (58)
[2017.04.13-01.31.42:632][643]LogModuleManager: Shutting down and abandoning module TextureFormatIntelISPCTexComp (57)
[2017.04.13-01.31.42:632][643]LogModuleManager: Shutting down and abandoning module ImageWrapper (56)
[2017.04.13-01.31.42:632][643]LogModuleManager: Shutting down and abandoning module TextureFormatASTC (55)
[2017.04.13-01.31.42:632][643]LogModuleManager: Shutting down and abandoning module TextureFormatAndroid (54)
[2017.04.13-01.31.42:632][643]LogModuleManager: Shutting down and abandoning module AudioFormatOpus (53)
[2017.04.13-01.31.42:632][643]LogModuleManager: Shutting down and abandoning module AudioFormatOgg (52)
[2017.04.13-01.31.42:632][643]LogModuleManager: Shutting down and abandoning module AudioFormatADPCM (51)
[2017.04.13-01.31.42:632][643]LogModuleManager: Shutting down and abandoning module LinuxTargetPlatform (50)
[2017.04.13-01.31.42:632][643]LogModuleManager: Shutting down and abandoning module LinuxServerTargetPlatform (49)
[2017.04.13-01.31.42:632][643]LogModuleManager: Shutting down and abandoning module LinuxNoEditorTargetPlatform (48)
[2017.04.13-01.31.42:632][643]LogModuleManager: Shutting down and abandoning module LinuxClientTargetPlatform (47)
[2017.04.13-01.31.42:632][643]LogModuleManager: Shutting down and abandoning module TVOSTargetPlatform (46)
[2017.04.13-01.31.42:632][643]LogModuleManager: Shutting down and abandoning module Messaging (45)
[2017.04.13-01.31.42:632][643]LogModuleManager: Shutting down and abandoning module IOSTargetPlatform (44)
[2017.04.13-01.31.42:632][643]LogModuleManager: Shutting down and abandoning module HTML5TargetPlatform (43)
[2017.04.13-01.31.42:632][643]LogModuleManager: Shutting down and abandoning module Android_PVRTCTargetPlatform (42)
[2017.04.13-01.31.42:632][643]LogModuleManager: Shutting down and abandoning module Android_MultiTargetPlatform (41)
[2017.04.13-01.31.42:632][643]LogModuleManager: Shutting down and abandoning module Android_ETC2TargetPlatform (40)
[2017.04.13-01.31.42:632][643]LogModuleManager: Shutting down and abandoning module Android_ETC1TargetPlatform (39)
[2017.04.13-01.31.42:632][643]LogModuleManager: Shutting down and abandoning module Android_DXTTargetPlatform (38)
[2017.04.13-01.31.42:632][643]LogModuleManager: Shutting down and abandoning module Android_ATCTargetPlatform (37)
[2017.04.13-01.31.42:632][643]LogModuleManager: Shutting down and abandoning module Android_ASTCTargetPlatform (36)
[2017.04.13-01.31.42:632][643]LogModuleManager: Shutting down and abandoning module AndroidTargetPlatform (35)
[2017.04.13-01.31.42:632][643]LogModuleManager: Shutting down and abandoning module WindowsTargetPlatform (34)
[2017.04.13-01.31.42:632][643]LogModuleManager: Shutting down and abandoning module WindowsServerTargetPlatform (33)
[2017.04.13-01.31.42:632][643]LogModuleManager: Shutting down and abandoning module WindowsNoEditorTargetPlatform (32)
[2017.04.13-01.31.42:632][643]LogModuleManager: Shutting down and abandoning module WindowsClientTargetPlatform (31)
[2017.04.13-01.31.42:632][643]LogModuleManager: Shutting down and abandoning module MacTargetPlatform (30)
[2017.04.13-01.31.42:632][643]LogModuleManager: Shutting down and abandoning module MacServerTargetPlatform (29)
[2017.04.13-01.31.42:632][643]LogModuleManager: Shutting down and abandoning module MacNoEditorTargetPlatform (28)
[2017.04.13-01.31.42:632][643]LogModuleManager: Shutting down and abandoning module MacClientTargetPlatform (27)
[2017.04.13-01.31.42:632][643]LogModuleManager: Shutting down and abandoning module AllDesktopTargetPlatform (26)
[2017.04.13-01.31.42:632][643]LogModuleManager: Shutting down and abandoning module TargetPlatform (25)
[2017.04.13-01.31.42:632][643]LogModuleManager: Shutting down and abandoning module InputCore (24)
[2017.04.13-01.31.42:632][643]LogModuleManager: Shutting down and abandoning module Settings (23)
[2017.04.13-01.31.42:632][643]LogModuleManager: Shutting down and abandoning module OculusRift (22)
[2017.04.13-01.31.42:632][643]LogModuleManager: Shutting down and abandoning module ExampleDeviceProfileSelector (21)
[2017.04.13-01.31.42:632][643]LogModuleManager: Shutting down and abandoning module OnlineBlueprintSupport (20)
[2017.04.13-01.31.42:632][643]LogModuleManager: Shutting down and abandoning module OnlineSubsystem (18)
[2017.04.13-01.31.42:632][643]LogOnline:Display: Unloading online subsystem: NULL
[2017.04.13-01.31.42:642][643]LogModuleManager: Shutting down and abandoning module SSL (17)
[2017.04.13-01.31.42:643][643]LogModuleManager: Shutting down and abandoning module HTTP (16)
[2017.04.13-01.31.42:643][643]LogModuleManager: Shutting down and abandoning module XMPP (15)
[2017.04.13-01.31.42:670][643]LogModuleManager: Shutting down and abandoning module TextureCompressor (14)
[2017.04.13-01.31.42:671][643]LogModuleManager: Shutting down and abandoning module ShaderCore (13)
[2017.04.13-01.31.42:671][643]LogModuleManager: Shutting down and abandoning module Landscape (12)
[2017.04.13-01.31.42:671][643]LogModuleManager: Shutting down and abandoning module SlateRHIRenderer (11)
[2017.04.13-01.31.42:694][643]LogModuleManager: Shutting down and abandoning module OpenGLDrv (10)
[2017.04.13-01.31.42:748][643]LogModuleManager: Shutting down and abandoning module D3D11RHI (9)
[2017.04.13-01.31.42:748][643]LogModuleManager: Shutting down and abandoning module AnimGraphRuntime (8)
[2017.04.13-01.31.42:759][643]LogModuleManager: Shutting down and abandoning module Renderer (7)
[2017.04.13-01.31.42:759][643]LogModuleManager: Shutting down and abandoning module Engine (6)
[2017.04.13-01.31.42:759][643]LogModuleManager: Shutting down and abandoning module CoreUObject (5)
[2017.04.13-01.31.42:759][643]LogModuleManager: Shutting down and abandoning module NetworkFile (4)
[2017.04.13-01.31.42:759][643]LogModuleManager: Shutting down and abandoning module StreamingFile (3)
[2017.04.13-01.31.42:760][643]LogModuleManager: Shutting down and abandoning module SandboxFile (2)
[2017.04.13-01.31.42:760][643]LogModuleManager: Shutting down and abandoning module PakFile (1)
[2017.04.13-01.31.42:761][643]LogExit: Exiting.
[2017.04.13-01.31.42:762][643]Log file closed, 04/13/17 09:31:42
